[0m16:18:40.613487 [debug] [MainThread]: Got an exception trying to initialize tracking


============================== 16:18:40.651479 | e6f61611-4941-4cde-b562-c88c7208400c ==============================
[0m16:18:40.651479 [info ] [MainThread]: Running with dbt=1.12.0-a1
[0m16:18:40.651967 [debug] [MainThread]: running dbt with arguments {'version_check': 'True', 'no_print': 'None', 'static_parser': 'True', 'warn_error_options': 'WarnErrorOptionsV2(error=[], warn=[], silence=[])', 'target_path': 'None', 'printer_width': '80', 'write_json': 'True', 'empty': 'None', 'log_cache_events': 'False', 'introspect': 'True', 'cache_selected_only': 'False', 'fail_fast': 'False', 'debug': 'False', 'log_format': 'default', 'partial_parse': 'True', 'send_anonymous_usage_stats': 'True', 'quiet': 'False', 'warn_error': 'None', 'profiles_dir': 'C:\\Users\\letie\\.dbt', 'indirect_selection': 'eager', 'invocation_command': 'dbt init ecommerce_olist', 'use_colors': 'True', 'use_experimental_parser': 'False', 'log_path': 'logs'}
[0m16:18:40.665419 [debug] [MainThread]: Starter project path: c:\Users\letie\data_pipeline\.venv\Lib\site-packages\dbt\include\starter_project
[0m16:18:40.680558 [info ] [MainThread]: Setting up your profile.
[0m16:18:45.505145 [debug] [MainThread]: Snowflake adapter: Setting snowflake.connector to ERROR (file logging only)
[0m16:18:45.505437 [debug] [MainThread]: Snowflake adapter: Setting botocore to ERROR (file logging only)
[0m16:18:45.505619 [debug] [MainThread]: Snowflake adapter: Setting boto3 to ERROR (file logging only)
[0m16:22:05.615895 [info ] [MainThread]: Profile ecommerce_olist written to C:\Users\letie\.dbt\profiles.yml using target's profile_template.yml and your supplied values.
[0m16:22:05.618170 [info ] [MainThread]: Running dbt debug to validate the project...
[0m16:22:05.618888 [info ] [MainThread]: dbt version: 1.12.0-a1
[0m16:22:05.619305 [info ] [MainThread]: python version: 3.13.9
[0m16:22:05.619645 [info ] [MainThread]: python path: c:\Users\letie\data_pipeline\.venv\Scripts\python.exe
[0m16:22:05.619944 [info ] [MainThread]: os info: Windows-11-10.0.26200-SP0
[0m16:22:05.665235 [info ] [MainThread]: Using profiles dir at C:\Users\letie\.dbt
[0m16:22:05.665744 [info ] [MainThread]: Using profiles.yml file at C:\Users\letie\.dbt\profiles.yml
[0m16:22:05.666031 [info ] [MainThread]: Using dbt_project.yml file at C:\Users\letie\Customer360\ecommerce_olist\dbt_project.yml
[0m16:22:05.666790 [info ] [MainThread]: adapter type: snowflake
[0m16:22:05.667018 [info ] [MainThread]: adapter version: 1.11.0rc3
[0m16:22:05.730003 [info ] [MainThread]: Configuration:
[0m16:22:05.730369 [info ] [MainThread]:   profiles.yml file [[32mOK found and valid[0m]
[0m16:22:05.730653 [info ] [MainThread]:   dbt_project.yml file [[32mOK found and valid[0m]
[0m16:22:05.730889 [info ] [MainThread]: Required dependencies:
[0m16:22:05.731104 [debug] [MainThread]: Executing "git --help"
[0m16:22:05.744382 [debug] [MainThread]: STDOUT: "b"usage: git [-v | --version] [-h | --help] [-C <path>] [-c <name>=<value>]\n           [--exec-path[=<path>]] [--html-path] [--man-path] [--info-path]\n           [-p | --paginate | -P | --no-pager] [--no-replace-objects] [--no-lazy-fetch]\n           [--no-optional-locks] [--no-advice] [--bare] [--git-dir=<path>]\n           [--work-tree=<path>] [--namespace=<name>] [--config-env=<name>=<envvar>]\n           <command> [<args>]\n\nThese are common Git commands used in various situations:\n\nstart a working area (see also: git help tutorial)\n   clone      Clone a repository into a new directory\n   init       Create an empty Git repository or reinitialize an existing one\n\nwork on the current change (see also: git help everyday)\n   add        Add file contents to the index\n   mv         Move or rename a file, a directory, or a symlink\n   restore    Restore working tree files\n   rm         Remove files from the working tree and from the index\n\nexamine the history and state (see also: git help revisions)\n   bisect     Use binary search to find the commit that introduced a bug\n   diff       Show changes between commits, commit and working tree, etc\n   grep       Print lines matching a pattern\n   log        Show commit logs\n   show       Show various types of objects\n   status     Show the working tree status\n\ngrow, mark and tweak your common history\n   backfill   Download missing objects in a partial clone\n   branch     List, create, or delete branches\n   commit     Record changes to the repository\n   merge      Join two or more development histories together\n   rebase     Reapply commits on top of another base tip\n   reset      Set `HEAD` or the index to a known state\n   switch     Switch branches\n   tag        Create, list, delete or verify tags\n\ncollaborate (see also: git help workflows)\n   fetch      Download objects and refs from another repository\n   pull       Fetch from and integrate with another repository or a local branch\n   push       Update remote refs along with associated objects\n\n'git help -a' and 'git help -g' list available subcommands and some\nconcept guides. See 'git help <command>' or 'git help <concept>'\nto read about a specific subcommand or concept.\nSee 'git help git' for an overview of the system.\n""
[0m16:22:05.744787 [debug] [MainThread]: STDERR: "b''"
[0m16:22:05.745131 [info ] [MainThread]:  - git [[32mOK found[0m]

[0m16:22:05.745462 [info ] [MainThread]: Connection:
[0m16:22:05.745701 [info ] [MainThread]:   account: BDVVIJS-LV95067.snowflakecomputing.com
[0m16:22:05.745894 [info ] [MainThread]:   user: vinhsmoke
[0m16:22:05.746071 [info ] [MainThread]:   database: ECOMMERCE_OLIST
[0m16:22:05.746242 [info ] [MainThread]:   warehouse: WH_OLIST
[0m16:22:05.746422 [info ] [MainThread]:   role: DBT_ROLE
[0m16:22:05.746593 [info ] [MainThread]:   schema: STAGING
[0m16:22:05.746757 [info ] [MainThread]:   authenticator: None
[0m16:22:05.746977 [info ] [MainThread]:   oauth_client_id: None
[0m16:22:05.747197 [info ] [MainThread]:   query_tag: None
[0m16:22:05.747373 [info ] [MainThread]:   client_session_keep_alive: False
[0m16:22:05.747544 [info ] [MainThread]:   host: None
[0m16:22:05.747704 [info ] [MainThread]:   port: None
[0m16:22:05.747859 [info ] [MainThread]:   proxy_host: None
[0m16:22:05.748014 [info ] [MainThread]:   proxy_port: None
[0m16:22:05.748168 [info ] [MainThread]:   protocol: None
[0m16:22:05.748335 [info ] [MainThread]:   connect_retries: 1
[0m16:22:05.748496 [info ] [MainThread]:   connect_timeout: None
[0m16:22:05.748656 [info ] [MainThread]:   retry_on_database_errors: False
[0m16:22:05.748959 [info ] [MainThread]:   retry_all: False
[0m16:22:05.749254 [info ] [MainThread]:   insecure_mode: False
[0m16:22:05.749621 [info ] [MainThread]:   reuse_connections: True
[0m16:22:05.749839 [info ] [MainThread]:   s3_stage_vpce_dns_name: None
[0m16:22:05.750024 [info ] [MainThread]:   platform_detection_timeout_seconds: 0.0
[0m16:22:05.750365 [info ] [MainThread]: Registered adapter: snowflake=1.11.0-rc3
[0m16:22:05.943927 [debug] [MainThread]: Acquiring new snowflake connection 'debug'
[0m16:22:05.945672 [debug] [MainThread]: Using snowflake connection "debug"
[0m16:22:05.945898 [debug] [MainThread]: On debug: select 1 as id
[0m16:22:05.946057 [debug] [MainThread]: Opening a new connection, currently in state init
[0m16:22:06.822978 [debug] [MainThread]: Snowflake adapter: Error running SQL: select 1 as id
[0m16:22:06.823244 [debug] [MainThread]: Snowflake adapter: Rolling back transaction.
[0m16:22:06.824375 [info ] [MainThread]:   Connection test: [[31mERROR[0m]

[0m16:22:06.824754 [info ] [MainThread]: [31m1 check failed:[0m
[0m16:22:06.825020 [info ] [MainThread]: dbt was unable to connect to the specified database.
The database returned the following error:

  >Database Error
  290404 (08001): 404 Not Found: post BDVVIJS-LV95067.snowflakecomputing.com.snowflakecomputing.com:443/session/v1/login-request

Check your database credentials and try again. For more information, visit:
https://docs.getdbt.com/docs/configure-your-profile


[0m16:22:06.825330 [info ] [MainThread]: Your new dbt project "ecommerce_olist" was created!
Initialized new project in C:\Users\letie\Customer360\ecommerce_olist\ecommerce_olist

For more information on how to configure the profiles.yml file,
please consult the dbt documentation here:

  https://docs.getdbt.com/docs/configure-your-profile

One more thing:

Need help? Don't hesitate to reach out to us via GitHub issues or on Slack:

  https://community.getdbt.com/

Happy modeling!

[0m16:22:06.825554 [info ] [MainThread]: [31mYour profile may need adjustments. You can find the logs of `dbt debug` above[0m
[0m16:22:06.826128 [debug] [MainThread]: Command `dbt init` succeeded at 16:22:06.826052 after 206.25 seconds
[0m16:22:06.826329 [debug] [MainThread]: Connection 'debug' was left open.
[0m16:22:06.826499 [debug] [MainThread]: On debug: No close available on handle
[0m16:22:06.826669 [debug] [MainThread]: Flushing usage events
[0m16:22:32.365776 [debug] [MainThread]: Got an exception trying to initialize tracking


============================== 16:22:32.403944 | 4488dce1-538a-4c1f-8858-2e380d76cf85 ==============================
[0m16:22:32.403944 [info ] [MainThread]: Running with dbt=1.12.0-a1
[0m16:22:32.404452 [debug] [MainThread]: running dbt with arguments {'version_check': 'True', 'no_print': 'None', 'static_parser': 'True', 'target_path': 'None', 'warn_error_options': 'WarnErrorOptionsV2(error=[], warn=[], silence=[])', 'printer_width': '80', 'write_json': 'True', 'empty': 'None', 'log_cache_events': 'False', 'introspect': 'True', 'cache_selected_only': 'False', 'fail_fast': 'False', 'debug': 'False', 'log_format': 'default', 'partial_parse': 'True', 'send_anonymous_usage_stats': 'True', 'quiet': 'False', 'warn_error': 'None', 'profiles_dir': 'C:\\Users\\letie\\.dbt', 'use_colors': 'True', 'invocation_command': 'dbt debug', 'indirect_selection': 'eager', 'use_experimental_parser': 'False', 'log_path': 'logs'}
[0m16:22:32.416975 [info ] [MainThread]: dbt version: 1.12.0-a1
[0m16:22:32.417296 [info ] [MainThread]: python version: 3.13.9
[0m16:22:32.417527 [info ] [MainThread]: python path: c:\Users\letie\data_pipeline\.venv\Scripts\python.exe
[0m16:22:32.417710 [info ] [MainThread]: os info: Windows-11-10.0.26200-SP0
[0m16:22:32.953720 [debug] [MainThread]: Snowflake adapter: Setting snowflake.connector to ERROR (file logging only)
[0m16:22:32.954005 [debug] [MainThread]: Snowflake adapter: Setting botocore to ERROR (file logging only)
[0m16:22:32.954184 [debug] [MainThread]: Snowflake adapter: Setting boto3 to ERROR (file logging only)
[0m16:22:33.028450 [info ] [MainThread]: Using profiles dir at C:\Users\letie\.dbt
[0m16:22:33.028791 [info ] [MainThread]: Using profiles.yml file at C:\Users\letie\.dbt\profiles.yml
[0m16:22:33.029014 [info ] [MainThread]: Using dbt_project.yml file at C:\Users\letie\Customer360\dbt_project.yml
[0m16:22:33.029254 [error] [MainThread]: [[31mERROR[0m]: Encountered an error:
Internal Error
  Profile should not be None if loading profile completed
[0m16:22:33.029837 [debug] [MainThread]: Command `dbt debug` failed at 16:22:33.029767 after 0.71 seconds
[0m16:22:33.030041 [debug] [MainThread]: Flushing usage events
[0m15:21:52.497872 [debug] [MainThread]: Got an exception trying to initialize tracking


============================== 15:21:52.554669 | eb487b9b-cf22-4f47-ba29-445b700a8b3d ==============================
[0m15:21:52.554669 [info ] [MainThread]: Running with dbt=1.11.8
[0m15:21:52.555244 [debug] [MainThread]: running dbt with arguments {'version_check': 'True', 'no_print': 'None', 'static_parser': 'True', 'warn_error_options': 'WarnErrorOptionsV2(error=[], warn=[], silence=[])', 'target_path': 'None', 'printer_width': '80', 'write_json': 'True', 'empty': 'False', 'log_cache_events': 'False', 'introspect': 'True', 'cache_selected_only': 'False', 'log_format': 'default', 'debug': 'False', 'fail_fast': 'False', 'partial_parse': 'True', 'send_anonymous_usage_stats': 'True', 'quiet': 'False', 'warn_error': 'None', 'profiles_dir': 'C:\\Users\\letie\\.dbt', 'use_colors': 'True', 'invocation_command': 'dbt build --select intermediate.*', 'indirect_selection': 'eager', 'use_experimental_parser': 'False', 'log_path': 'logs'}
[0m15:21:52.555647 [error] [MainThread]: Encountered an error:
Runtime Error
  No dbt_project.yml found at expected path C:\Users\letie\Customer360\dbt_project.yml
  Verify that each entry within packages.yml (and their transitive dependencies) contains a file named dbt_project.yml
  
[0m15:21:52.556305 [debug] [MainThread]: Command `dbt build` failed at 15:21:52.556205 after 0.10 seconds
[0m15:21:52.556535 [debug] [MainThread]: Flushing usage events
